c:\users\archit.goyal\desktop\projects\_cpprojects\wincred\wincred\debug\wincred.pch
c:\users\archit.goyal\desktop\projects\_cpprojects\wincred\wincred\debug\vc140.pdb
c:\users\archit.goyal\desktop\projects\_cpprojects\wincred\wincred\debug\vc140.idb
c:\users\archit.goyal\desktop\projects\_cpprojects\wincred\wincred\debug\stdafx.obj
c:\users\archit.goyal\desktop\projects\_cpprojects\wincred\wincred\debug\wincredentials.obj
c:\users\archit.goyal\desktop\projects\_cpprojects\wincred\wincred\debug\credentiallist.obj
c:\users\archit.goyal\desktop\projects\_cpprojects\wincred\wincred\debug\wincred.obj
c:\users\archit.goyal\desktop\projects\_cpprojects\wincred\wincred\debug\wincredops.obj
c:\users\archit.goyal\desktop\projects\_cpprojects\wincred\debug\wincred.ilk
c:\users\archit.goyal\desktop\projects\_cpprojects\wincred\debug\wincred.exe
c:\users\archit.goyal\desktop\projects\_cpprojects\wincred\debug\wincred.pdb
c:\users\archit.goyal\desktop\projects\_cpprojects\wincred\wincred\debug\wincred.res
c:\users\archit.goyal\desktop\projects\_cpprojects\wincred\wincred\debug\wincred.obj.enc
c:\users\archit.goyal\desktop\projects\_cpprojects\wincred\wincred\debug\wincred.tlog\cl.command.1.tlog
c:\users\archit.goyal\desktop\projects\_cpprojects\wincred\wincred\debug\wincred.tlog\cl.read.1.tlog
c:\users\archit.goyal\desktop\projects\_cpprojects\wincred\wincred\debug\wincred.tlog\cl.write.1.tlog
c:\users\archit.goyal\desktop\projects\_cpprojects\wincred\wincred\debug\wincred.tlog\link.command.1.tlog
c:\users\archit.goyal\desktop\projects\_cpprojects\wincred\wincred\debug\wincred.tlog\link.read.1.tlog
c:\users\archit.goyal\desktop\projects\_cpprojects\wincred\wincred\debug\wincred.tlog\link.write.1.tlog
c:\users\archit.goyal\desktop\projects\_cpprojects\wincred\wincred\debug\wincred.tlog\rc.command.1.tlog
c:\users\archit.goyal\desktop\projects\_cpprojects\wincred\wincred\debug\wincred.tlog\rc.read.1.tlog
c:\users\archit.goyal\desktop\projects\_cpprojects\wincred\wincred\debug\wincred.tlog\rc.write.1.tlog
